Arguments:
  /usr/local/bin/node /usr/local/bin/yarn start

PATH:
  /usr/local/bin:/usr/local/bin:/usr/bin:/bin:/usr/sbin:/sbin:/Library/Apple/usr/bin:/Users/adisukpriwan/webstorm/qp_cost_planing_backend/node_modules/.bin:/Users/adisukpriwan/Developer/flutter/bin

Yarn version:
  1.22.17

Node version:
  14.17.0

Platform:
  darwin x64

Trace:
  Invariant Violation: Script must exist
      at invariant (/usr/local/lib/node_modules/yarn/lib/cli.js:2314:15)
      at /usr/local/lib/node_modules/yarn/lib/cli.js:62428:11
      at Generator.next (<anonymous>)
      at step (/usr/local/lib/node_modules/yarn/lib/cli.js:310:30)
      at /usr/local/lib/node_modules/yarn/lib/cli.js:328:14
      at new Promise (<anonymous>)
      at new F (/usr/local/lib/node_modules/yarn/lib/cli.js:5301:28)
      at /usr/local/lib/node_modules/yarn/lib/cli.js:307:12
      at realRunCommand (/usr/local/lib/node_modules/yarn/lib/cli.js:62513:23)
      at action.action (/usr/local/lib/node_modules/yarn/lib/cli.js:62574:16)

npm manifest:
  {
    "name": "27antz-typescript-api",
    "version": "1.0.0",
    "private": true,
    "description": "",
    "main": "src/index.tsts",
    "scripts": {
      "start": "",
      "server": "nodemon src/index.tsts",
      "lint": "eslint . --ext .ts,js --fix",
      "seed": "node src/seed/index.tsts",
      "build": "rimraf dist && tsc -p ."
    },
    "dependencies": {
      "@prisma/client": "^3.14.0",
      "apollo-server": "^3.4.0",
      "bcryptjs": "^2.4.3",
      "dotenv": "^10.0.0",
      "graphql": "^15.6.1",
      "jsonwebtoken": "^8.5.1",
      "luxon": "^2.4.0",
      "moment": "^2.29.3"
    },
    "devDependencies": {
      "@types/bcryptjs": "^2.4.2",
      "@types/compression": "^1.7.2",
      "@types/graphql": "^14.5.0",
      "@types/jsonwebtoken": "^8.5.5",
      "@types/node": "^16.11.4",
      "@typescript-eslint/eslint-plugin": "^5.1.0",
      "@typescript-eslint/parser": "^5.1.0",
      "eslint": "^8.1.0",
      "prisma": "^3.14.0",
      "ts-node": "^10.4.0",
      "ts-node-dev": "^1.1.8",
      "typescript": "^4.4.4"
    }
  }

yarn manifest:
  No manifest

Lockfile:
  No lockfile
